[debug] [2022-09-04T06:06:01.379Z] ----------------------------------------------------------------------
[debug] [2022-09-04T06:06:01.380Z] Command:       /Users/sakamotoyuito/.nvm/versions/node/v16.16.0/bin/node /Users/sakamotoyuito/.nvm/versions/node/v16.16.0/bin/firebase init
[debug] [2022-09-04T06:06:01.380Z] CLI Version:   11.8.0
[debug] [2022-09-04T06:06:01.380Z] Platform:      darwin
[debug] [2022-09-04T06:06:01.380Z] Node Version:  v16.16.0
[debug] [2022-09-04T06:06:01.380Z] Time:          Sun Sep 04 2022 15:06:01 GMT+0900 (Japan Standard Time)
[debug] [2022-09-04T06:06:01.381Z] ----------------------------------------------------------------------
[debug] 
[debug] [2022-09-04T06:06:01.382Z] >>> [apiv2][query] GET https://firebase-public.firebaseio.com/cli.json [none]
[debug] [2022-09-04T06:06:01.390Z] > command requires scopes: ["email","openid","https://www.googleapis.com/auth/cloudplatformprojects.readonly","https://www.googleapis.com/auth/firebase","https://www.googleapis.com/auth/cloud-platform"]
[debug] [2022-09-04T06:06:01.390Z] > authorizing via signed-in user (munekata.lab@gmail.com)
[info] 
     ######## #### ########  ######## ########     ###     ######  ########
     ##        ##  ##     ## ##       ##     ##  ##   ##  ##       ##
     ######    ##  ########  ######   ########  #########  ######  ######
     ##        ##  ##    ##  ##       ##     ## ##     ##       ## ##
     ##       #### ##     ## ######## ########  ##     ##  ######  ########

You're about to initialize a Firebase project in this directory:

  /Users/sakamotoyuito/work/insects_rally

[debug] [2022-09-04T06:06:01.718Z] <<< [apiv2][status] GET https://firebase-public.firebaseio.com/cli.json 200
[debug] [2022-09-04T06:06:01.718Z] <<< [apiv2][body] GET https://firebase-public.firebaseio.com/cli.json {"cloudBuildErrorAfter":1594252800000,"cloudBuildWarnAfter":1590019200000,"defaultNode10After":1594252800000,"minVersion":"3.0.5","node8DeploysDisabledAfter":1613390400000,"node8RuntimeDisabledAfter":1615809600000,"node8WarnAfter":1600128000000}
[info] 
=== Project Setup
[info] 
[info] First, let's associate this project directory with a Firebase project.
[info] You can create multiple project aliases by running firebase use --add, 
[info] but for now we'll just set up a default project.
[info] 
[debug] [2022-09-04T06:06:56.288Z] > refreshing access token with scopes: []
[debug] [2022-09-04T06:06:56.291Z] >>> [apiv2][query] POST https://www.googleapis.com/oauth2/v3/token [none]
[debug] [2022-09-04T06:06:56.291Z] >>> [apiv2][body] POST https://www.googleapis.com/oauth2/v3/token [omitted]
[debug] [2022-09-04T06:06:56.490Z] <<< [apiv2][status] POST https://www.googleapis.com/oauth2/v3/token 200
[debug] [2022-09-04T06:06:56.490Z] <<< [apiv2][body] POST https://www.googleapis.com/oauth2/v3/token [omitted]
[debug] [2022-09-04T06:06:56.544Z] >>> [apiv2][query] GET https://firebase.googleapis.com/v1beta1/projects pageSize=100
[debug] [2022-09-04T06:06:57.215Z] <<< [apiv2][status] GET https://firebase.googleapis.com/v1beta1/projects 200
[debug] [2022-09-04T06:06:57.216Z] <<< [apiv2][body] GET https://firebase.googleapis.com/v1beta1/projects [omitted]
[info] i  Using project insect-rally (insect-rally) 
[info] 
=== Firestore Setup
[debug] [2022-09-04T06:06:59.697Z] >>> [apiv2][query] GET https://serviceusage.googleapis.com/v1/projects/insect-rally/services/firestore.googleapis.com [none]
[debug] [2022-09-04T06:07:00.903Z] <<< [apiv2][status] GET https://serviceusage.googleapis.com/v1/projects/insect-rally/services/firestore.googleapis.com 200
[debug] [2022-09-04T06:07:00.904Z] <<< [apiv2][body] GET https://serviceusage.googleapis.com/v1/projects/insect-rally/services/firestore.googleapis.com [omitted]
[debug] [2022-09-04T06:07:00.904Z] >>> [apiv2][query] GET https://appengine.googleapis.com/v1/apps/insect-rally [none]
[debug] [2022-09-04T06:07:01.272Z] <<< [apiv2][status] GET https://appengine.googleapis.com/v1/apps/insect-rally 200
[debug] [2022-09-04T06:07:01.272Z] <<< [apiv2][body] GET https://appengine.googleapis.com/v1/apps/insect-rally {"name":"apps/insect-rally","id":"insect-rally","authDomain":"gmail.com","locationId":"asia-northeast2","codeBucket":"staging.insect-rally.appspot.com","servingStatus":"SERVING","defaultHostname":"insect-rally.dt.r.appspot.com","defaultBucket":"insect-rally.appspot.com","serviceAccount":"insect-rally@appspot.gserviceaccount.com","gcrDomain":"asia.gcr.io","databaseType":"CLOUD_FIRESTORE","featureSettings":{"splitHealthChecks":true,"useContainerOptimizedOs":true}}
[debug] [2022-09-04T06:07:01.274Z] database_type: CLOUD_FIRESTORE
[debug] [2022-09-04T06:07:01.275Z] > command requires scopes: ["email","openid","https://www.googleapis.com/auth/cloudplatformprojects.readonly","https://www.googleapis.com/auth/firebase","https://www.googleapis.com/auth/cloud-platform"]
[debug] [2022-09-04T06:07:01.276Z] > authorizing via signed-in user (munekata.lab@gmail.com)
[debug] [2022-09-04T06:07:01.276Z] [iam] checking project insect-rally for permissions ["firebase.projects.get"]
[debug] [2022-09-04T06:07:01.277Z] >>> [apiv2][query] POST https://cloudresourcemanager.googleapis.com/v1/projects/insect-rally:testIamPermissions [none]
[debug] [2022-09-04T06:07:01.277Z] >>> [apiv2][(partial)header] POST https://cloudresourcemanager.googleapis.com/v1/projects/insect-rally:testIamPermissions x-goog-quota-user=projects/insect-rally
[debug] [2022-09-04T06:07:01.277Z] >>> [apiv2][body] POST https://cloudresourcemanager.googleapis.com/v1/projects/insect-rally:testIamPermissions {"permissions":["firebase.projects.get"]}
[debug] [2022-09-04T06:07:02.132Z] <<< [apiv2][status] POST https://cloudresourcemanager.googleapis.com/v1/projects/insect-rally:testIamPermissions 200
[debug] [2022-09-04T06:07:02.132Z] <<< [apiv2][body] POST https://cloudresourcemanager.googleapis.com/v1/projects/insect-rally:testIamPermissions {"permissions":["firebase.projects.get"]}
[info] 
[info] Firestore Security Rules allow you to define how and when to allow
[info] requests. You can keep these rules in your project directory
[info] and publish them with firebase deploy.
[info] 
[debug] [2022-09-04T06:07:15.895Z] >>> [apiv2][query] GET https://firebaserules.googleapis.com/v1/projects/insect-rally/releases pageSize=10&pageToken=
[debug] [2022-09-04T06:07:17.182Z] <<< [apiv2][status] GET https://firebaserules.googleapis.com/v1/projects/insect-rally/releases 200
[debug] [2022-09-04T06:07:17.183Z] <<< [apiv2][body] GET https://firebaserules.googleapis.com/v1/projects/insect-rally/releases {"releases":[{"name":"projects/insect-rally/releases/cloud.firestore","rulesetName":"projects/insect-rally/rulesets/505e34a9-054c-4879-8d15-4ba93660e45e","createTime":"2022-08-25T15:15:13.690103Z","updateTime":"2022-08-25T15:15:13.690103Z"}]}
[debug] [2022-09-04T06:07:17.183Z] Found ruleset: projects/insect-rally/rulesets/505e34a9-054c-4879-8d15-4ba93660e45e
[debug] [2022-09-04T06:07:17.184Z] >>> [apiv2][query] GET https://firebaserules.googleapis.com/v1/projects/insect-rally/rulesets/505e34a9-054c-4879-8d15-4ba93660e45e [none]
[debug] [2022-09-04T06:07:18.308Z] <<< [apiv2][status] GET https://firebaserules.googleapis.com/v1/projects/insect-rally/rulesets/505e34a9-054c-4879-8d15-4ba93660e45e 200
[debug] [2022-09-04T06:07:18.308Z] <<< [apiv2][body] GET https://firebaserules.googleapis.com/v1/projects/insect-rally/rulesets/505e34a9-054c-4879-8d15-4ba93660e45e [omitted]
[info] 
[info] Firestore indexes allow you to perform complex queries while
[info] maintaining performance that scales with the size of the result
[info] set. You can keep index definitions in your project directory
[info] and publish them with firebase deploy.
[info] 
[debug] [2022-09-04T06:07:30.596Z] >>> [apiv2][query] GET https://firestore.googleapis.com/v1/projects/insect-rally/databases/(default)/collectionGroups/-/indexes [none]
[debug] [2022-09-04T06:07:30.601Z] >>> [apiv2][query] GET https://firestore.googleapis.com/v1/projects/insect-rally/databases/(default)/collectionGroups/-/fields?filter=indexConfig.usesAncestorConfig=false [none]
[debug] [2022-09-04T06:07:30.907Z] <<< [apiv2][status] GET https://firestore.googleapis.com/v1/projects/insect-rally/databases/(default)/collectionGroups/-/fields?filter=indexConfig.usesAncestorConfig=false 200
[debug] [2022-09-04T06:07:30.908Z] <<< [apiv2][body] GET https://firestore.googleapis.com/v1/projects/insect-rally/databases/(default)/collectionGroups/-/fields?filter=indexConfig.usesAncestorConfig=false {"fields":[{"name":"projects/insect-rally/databases/(default)/collectionGroups/__default__/fields/*","indexConfig":{"indexes":[{"queryScope":"COLLECTION","fields":[{"fieldPath":"*","order":"ASCENDING"}],"state":"READY"},{"queryScope":"COLLECTION","fields":[{"fieldPath":"*","order":"DESCENDING"}],"state":"READY"},{"queryScope":"COLLECTION","fields":[{"fieldPath":"*","arrayConfig":"CONTAINS"}],"state":"READY"}]}}]}
[debug] [2022-09-04T06:07:31.018Z] <<< [apiv2][status] GET https://firestore.googleapis.com/v1/projects/insect-rally/databases/(default)/collectionGroups/-/indexes 200
[debug] [2022-09-04T06:07:31.018Z] <<< [apiv2][body] GET https://firestore.googleapis.com/v1/projects/insect-rally/databases/(default)/collectionGroups/-/indexes {}
[info] 
=== Hosting Setup
[info] 
[info] Your public directory is the folder (relative to your project directory) that
[info] will contain Hosting assets to be uploaded with firebase deploy. If you
[info] have a build process for your assets, use your build's output directory.
[info] 
[info] ✔  Wrote public/404.html 
[debug] [2022-09-04T06:08:23.025Z] >>> [apiv2][query] GET https://www.gstatic.com/firebasejs/releases.json [none]
[debug] [2022-09-04T06:08:23.186Z] <<< [apiv2][status] GET https://www.gstatic.com/firebasejs/releases.json 200
[debug] [2022-09-04T06:08:23.187Z] <<< [apiv2][body] GET https://www.gstatic.com/firebasejs/releases.json {"current":{"version":"9.9.4","browserURL":"https://www.gstatic.com/firebasejs/9.9.4/firebase.js","packageURL":"https://www.gstatic.com/firebasejs/9.9.4/firebase.tgz"},"live":{"version":"9.9","browserURL":"https://www.gstatic.com/firebasejs/live/9.9/firebase.js","packageURL":"https://www.gstatic.com/firebasejs/live/9.9/firebase.tgz"},"components":{"analytics":"https://www.gstatic.com/firebasejs/9.9.4/firebase-analytics.js","app":"https://www.gstatic.com/firebasejs/9.9.4/firebase-app.js","app-check":"https://www.gstatic.com/firebasejs/9.9.4/firebase-app-check.js","auth":"https://www.gstatic.com/firebasejs/9.9.4/firebase-auth.js","auth/cordova":"https://www.gstatic.com/firebasejs/9.9.4/firebase-auth/cordova.js","auth/react-native":"https://www.gstatic.com/firebasejs/9.9.4/firebase-auth/react-native.js","functions":"https://www.gstatic.com/firebasejs/9.9.4/firebase-functions.js","firestore":"https://www.gstatic.com/firebasejs/9.9.4/firebase-firestore.js","firestore/lite":"https://www.gstatic.com/firebasejs/9.9.4/firebase-firestore/lite.js","installations":"https://www.gstatic.com/firebasejs/9.9.4/firebase-installations.js","storage":"https://www.gstatic.com/firebasejs/9.9.4/firebase-storage.js","performance":"https://www.gstatic.com/firebasejs/9.9.4/firebase-performance.js","remote-config":"https://www.gstatic.com/firebasejs/9.9.4/firebase-remote-config.js","messaging":"https://www.gstatic.com/firebasejs/9.9.4/firebase-messaging.js","messaging/sw":"https://www.gstatic.com/firebasejs/9.9.4/firebase-messaging/sw.js","database":"https://www.gstatic.com/firebasejs/9.9.4/firebase-database.js","firestore.memory":"https://www.gstatic.com/firebasejs/9.9.4/firebase-firestore.memory.js"}}
[info] ✔  Wrote public/index.html 
[info] 
[info] i  Detected a .git folder at /Users/sakamotoyuito/work/insects_rally 
[info] i  Authorizing with GitHub to upload your service account to a GitHub repository's secrets store. 
[info] 
[info] Visit this URL on this device to log in:
[info] https://github.com/login/oauth/authorize?client_id=89cf50f02ac6aaed3484&state=1016502219&redirect_uri=http%3A%2F%2Flocalhost%3A9005&scope=read%3Auser%20repo%20public_repo
[info] 
[info] Waiting for authentication...
[debug] [2022-09-04T06:08:23.970Z] >>> [apiv2][query] POST https://github.com/login/oauth/access_token [none]
[debug] [2022-09-04T06:08:23.970Z] >>> [apiv2][body] POST https://github.com/login/oauth/access_token [stream]
[debug] [2022-09-04T06:08:24.307Z] <<< [apiv2][status] POST https://github.com/login/oauth/access_token 200
[debug] [2022-09-04T06:08:24.307Z] <<< [apiv2][body] POST https://github.com/login/oauth/access_token {"access_token":"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","token_type":"bearer","scope":"read:user,repo"}
[debug] [2022-09-04T06:08:24.316Z] >>> [apiv2][query] GET https://api.github.com/user [none]
[debug] [2022-09-04T06:08:24.657Z] <<< [apiv2][status] GET https://api.github.com/user 200
[debug] [2022-09-04T06:08:24.657Z] <<< [apiv2][body] GET https://api.github.com/user {"login":"SakamotoYuito","id":77246375,"node_id":"MDQ6VXNlcjc3MjQ2Mzc1","avatar_url":"https://avatars.githubusercontent.com/u/77246375?v=4","gravatar_id":"","url":"https://api.github.com/users/SakamotoYuito","html_url":"https://github.com/SakamotoYuito","followers_url":"https://api.github.com/users/SakamotoYuito/followers","following_url":"https://api.github.com/users/SakamotoYuito/following{/other_user}","gists_url":"https://api.github.com/users/SakamotoYuito/gists{/gist_id}","starred_url":"https://api.github.com/users/SakamotoYuito/starred{/owner}{/repo}","subscriptions_url":"https://api.github.com/users/SakamotoYuito/subscriptions","organizations_url":"https://api.github.com/users/SakamotoYuito/orgs","repos_url":"https://api.github.com/users/SakamotoYuito/repos","events_url":"https://api.github.com/users/SakamotoYuito/events{/privacy}","received_events_url":"https://api.github.com/users/SakamotoYuito/received_events","type":"User","site_admin":false,"name":null,"company":null,"blog":"","location":null,"email":null,"hireable":null,"bio":null,"twitter_username":null,"public_repos":10,"public_gists":0,"followers":2,"following":2,"created_at":"2021-01-10T19:42:16Z","updated_at":"2022-08-24T15:21:26Z","private_gists":0,"total_private_repos":3,"owned_private_repos":2,"disk_usage":4882,"collaborators":0,"two_factor_authentication":true,"plan":{"name":"pro","space":976562499,"collaborators":0,"private_repos":9999}}
[info] 
[info] ✔  Success! Logged into GitHub as SakamotoYuito 
[info] 
